00:02:13.601 [http-nio-1212-exec-1] INFO  c.c.B.S.JwtAuthorizationFilter - Start
00:02:15.509 [http-nio-1212-exec-1] DEBUG c.c.B.S.JwtAuthorizationFilter - Basic YWRtaW46cHdk
00:02:15.561 [http-nio-1212-exec-1] DEBUG org.hibernate.SQL - select * from user  where us_usID=?
00:02:15.563 [http-nio-1212-exec-1] TRACE o.h.type.descriptor.sql.BasicBinder - binding parameter [1] as [VARCHAR] - [admin]
00:02:15.584 [http-nio-1212-exec-1] TRACE o.h.t.descriptor.sql.BasicExtractor - extracted value ([us_id] : [INTEGER]) - [3]
00:02:15.616 [http-nio-1212-exec-1] TRACE o.h.t.descriptor.sql.BasicExtractor - extracted value ([us_aadharnumber] : [VARCHAR]) - [083200239200]
00:02:15.616 [http-nio-1212-exec-1] TRACE o.h.t.descriptor.sql.BasicExtractor - extracted value ([us_age] : [INTEGER]) - [12]
00:02:15.617 [http-nio-1212-exec-1] TRACE o.h.t.descriptor.sql.BasicExtractor - extracted value ([us_contactnumber] : [VARCHAR]) - [9823029309]
00:02:15.618 [http-nio-1212-exec-1] TRACE o.h.t.descriptor.sql.BasicExtractor - extracted value ([us_firstname] : [VARCHAR]) - [super]
00:02:15.619 [http-nio-1212-exec-1] TRACE o.h.t.descriptor.sql.BasicExtractor - extracted value ([us_gender] : [VARCHAR]) - [male]
00:02:15.619 [http-nio-1212-exec-1] TRACE o.h.t.descriptor.sql.BasicExtractor - extracted value ([us_lastname] : [VARCHAR]) - [1]
00:02:15.619 [http-nio-1212-exec-1] TRACE o.h.t.descriptor.sql.BasicExtractor - extracted value ([us_pan] : [VARCHAR]) - [jd980909083]
00:02:15.620 [http-nio-1212-exec-1] TRACE o.h.t.descriptor.sql.BasicExtractor - extracted value ([us_password] : [VARCHAR]) - [$2a$10$R/lZJuT9skteNmAku9Y7aeutxbOKstD5xE5bHOf74M2PHZipyt3yK]
00:02:15.620 [http-nio-1212-exec-1] TRACE o.h.t.descriptor.sql.BasicExtractor - extracted value ([us_usid] : [VARCHAR]) - [admin]
00:02:15.621 [http-nio-1212-exec-1] DEBUG org.hibernate.SQL - select billtypeli0_.user_us_id as user_us_4_1_0_, billtypeli0_.bill_types_bill_id as bill_typ3_1_0_, bill_types1_.bt_id as bt_id1_0_1_, bill_types1_.bt_name as bt_name2_0_1_ from bills billtypeli0_ inner join bill_types bill_types1_ on billtypeli0_.bill_types_bill_id=bill_types1_.bt_id where billtypeli0_.user_us_id=?
00:02:15.621 [http-nio-1212-exec-1] TRACE o.h.type.descriptor.sql.BasicBinder - binding parameter [1] as [INTEGER] - [3]
00:02:15.623 [http-nio-1212-exec-1] DEBUG org.hibernate.SQL - select rolelist0_.user_us_id as user_us_1_4_0_, rolelist0_.role_ro_id as role_ro_2_4_0_, role1_.ro_id as ro_id1_2_1_, role1_.ro_name as ro_name2_2_1_ from user_role rolelist0_ inner join role role1_ on rolelist0_.role_ro_id=role1_.ro_id where rolelist0_.user_us_id=?
00:02:15.654 [http-nio-1212-exec-1] TRACE o.h.type.descriptor.sql.BasicBinder - binding parameter [1] as [INTEGER] - [3]
00:02:15.827 [http-nio-1212-exec-1] TRACE o.h.t.descriptor.sql.BasicExtractor - extracted value ([ro_id1_2_1_] : [INTEGER]) - [3]
00:02:15.828 [http-nio-1212-exec-1] TRACE o.h.t.descriptor.sql.BasicExtractor - extracted value ([ro_name2_2_1_] : [VARCHAR]) - [ROLE_SUPER]
00:02:15.892 [http-nio-1212-exec-1] TRACE o.h.t.descriptor.sql.BasicExtractor - extracted value ([user_us_1_4_0_] : [INTEGER]) - [3]
00:02:15.892 [http-nio-1212-exec-1] TRACE o.h.t.descriptor.sql.BasicExtractor - extracted value ([role_ro_2_4_0_] : [INTEGER]) - [3]
00:02:15.893 [http-nio-1212-exec-1] DEBUG org.hibernate.SQL - select userlist0_.role_ro_id as role_ro_2_4_0_, userlist0_.user_us_id as user_us_1_4_0_, user1_.us_id as us_id1_3_1_, user1_.us_aadharnumber as us_aadha2_3_1_, user1_.us_age as us_age3_3_1_, user1_.us_contactnumber as us_conta4_3_1_, user1_.us_firstname as us_first5_3_1_, user1_.us_gender as us_gende6_3_1_, user1_.us_lastname as us_lastn7_3_1_, user1_.us_pan as us_pan8_3_1_, user1_.us_password as us_passw9_3_1_, user1_.us_usid as us_usid10_3_1_ from user_role userlist0_ inner join user user1_ on userlist0_.user_us_id=user1_.us_id where userlist0_.role_ro_id=?
00:02:15.894 [http-nio-1212-exec-1] TRACE o.h.type.descriptor.sql.BasicBinder - binding parameter [1] as [INTEGER] - [3]
00:02:15.948 [http-nio-1212-exec-1] TRACE o.h.t.descriptor.sql.BasicExtractor - extracted value ([us_id1_3_1_] : [INTEGER]) - [3]
00:02:15.948 [http-nio-1212-exec-1] TRACE o.h.t.descriptor.sql.BasicExtractor - extracted value ([role_ro_2_4_0_] : [INTEGER]) - [3]
00:02:15.949 [http-nio-1212-exec-1] TRACE o.h.t.descriptor.sql.BasicExtractor - extracted value ([user_us_1_4_0_] : [INTEGER]) - [3]
00:02:16.305 [http-nio-1212-exec-1] DEBUG c.c.B.C.AuthenticationController - token eyJhbGciOiJIUzI1NiJ9.eyJzdWIiOiJhZG1pbiIsImlhdCI6MTU3NTA1MjMzNiwiZXhwIjoxNTc1MDUzNTM2fQ.4yQ_7tbsJ6W4b8tsNTdj1qc-X6hmMhg8le5PKFdjC3g
00:02:16.306 [http-nio-1212-exec-1] DEBUG c.c.B.C.AuthenticationController - role ROLE_SUPER
00:02:16.414 [http-nio-1212-exec-3] INFO  c.c.B.S.JwtAuthorizationFilter - Start
00:02:16.439 [http-nio-1212-exec-3] DEBUG c.c.B.S.JwtAuthorizationFilter - Bearer
00:02:16.498 [http-nio-1212-exec-3] DEBUG org.hibernate.SQL - select vendor0_.ven_id as ven_id1_5_, vendor0_.ven_address as ven_addr2_5_, vendor0_.ven_certificate_issue as ven_cert3_5_, vendor0_.ven_certificate_validity as ven_cert4_5_, vendor0_.ven_com_reg_no as ven_com_5_5_, vendor0_.ven_contact_number as ven_cont6_5_, vendor0_.ven_country as ven_coun7_5_, vendor0_.ven_email_address as ven_emai8_5_, vendor0_.ven_name as ven_name9_5_, vendor0_.ven_payment as ven_pay10_5_, vendor0_.ven_state as ven_sta11_5_, vendor0_.ven_type as ven_typ12_5_, vendor0_.ven_website as ven_web13_5_, vendor0_.ven_year_of_establishment as ven_yea14_5_ from vendor vendor0_
00:02:16.499 [http-nio-1212-exec-3] TRACE o.h.t.descriptor.sql.BasicExtractor - extracted value ([ven_id1_5_] : [INTEGER]) - [1]
00:02:16.500 [http-nio-1212-exec-3] TRACE o.h.t.descriptor.sql.BasicExtractor - extracted value ([ven_addr2_5_] : [VARCHAR]) - [133]
00:02:16.500 [http-nio-1212-exec-3] TRACE o.h.t.descriptor.sql.BasicExtractor - extracted value ([ven_cert3_5_] : [TIMESTAMP]) - [2019-11-21 00:00:00.0]
00:02:16.500 [http-nio-1212-exec-3] TRACE o.h.t.descriptor.sql.BasicExtractor - extracted value ([ven_cert4_5_] : [TIMESTAMP]) - [2020-10-26 00:00:00.0]
00:02:16.501 [http-nio-1212-exec-3] TRACE o.h.t.descriptor.sql.BasicExtractor - extracted value ([ven_com_5_5_] : [VARCHAR]) - [12323]
00:02:16.501 [http-nio-1212-exec-3] TRACE o.h.t.descriptor.sql.BasicExtractor - extracted value ([ven_cont6_5_] : [INTEGER]) - [1231232311]
00:02:16.502 [http-nio-1212-exec-3] TRACE o.h.t.descriptor.sql.BasicExtractor - extracted value ([ven_coun7_5_] : [VARCHAR]) - [Germany]
00:02:16.502 [http-nio-1212-exec-3] TRACE o.h.t.descriptor.sql.BasicExtractor - extracted value ([ven_emai8_5_] : [VARCHAR]) - [kfek@kd.jkfc]
00:02:16.536 [http-nio-1212-exec-3] TRACE o.h.t.descriptor.sql.BasicExtractor - extracted value ([ven_name9_5_] : [VARCHAR]) - [a]
00:02:16.536 [http-nio-1212-exec-3] TRACE o.h.t.descriptor.sql.BasicExtractor - extracted value ([ven_pay10_5_] : [VARCHAR]) - [null]
00:02:16.537 [http-nio-1212-exec-3] TRACE o.h.t.descriptor.sql.BasicExtractor - extracted value ([ven_sta11_5_] : [VARCHAR]) - [Maharastra]
00:02:16.537 [http-nio-1212-exec-3] TRACE o.h.t.descriptor.sql.BasicExtractor - extracted value ([ven_typ12_5_] : [VARCHAR]) - [Electricity]
00:02:16.537 [http-nio-1212-exec-3] TRACE o.h.t.descriptor.sql.BasicExtractor - extracted value ([ven_web13_5_] : [VARCHAR]) - [sdfw3@3]
00:02:16.538 [http-nio-1212-exec-3] TRACE o.h.t.descriptor.sql.BasicExtractor - extracted value ([ven_yea14_5_] : [INTEGER]) - [2011]
00:02:16.538 [http-nio-1212-exec-3] TRACE o.h.t.descriptor.sql.BasicExtractor - extracted value ([ven_id1_5_] : [INTEGER]) - [2]
00:02:16.538 [http-nio-1212-exec-3] TRACE o.h.t.descriptor.sql.BasicExtractor - extracted value ([ven_addr2_5_] : [VARCHAR]) - [133]
00:02:16.539 [http-nio-1212-exec-3] TRACE o.h.t.descriptor.sql.BasicExtractor - extracted value ([ven_cert3_5_] : [TIMESTAMP]) - [2019-11-21 00:00:00.0]
00:02:16.539 [http-nio-1212-exec-3] TRACE o.h.t.descriptor.sql.BasicExtractor - extracted value ([ven_cert4_5_] : [TIMESTAMP]) - [2020-10-26 00:00:00.0]
00:02:16.539 [http-nio-1212-exec-3] TRACE o.h.t.descriptor.sql.BasicExtractor - extracted value ([ven_com_5_5_] : [VARCHAR]) - [12323]
00:02:16.540 [http-nio-1212-exec-3] TRACE o.h.t.descriptor.sql.BasicExtractor - extracted value ([ven_cont6_5_] : [INTEGER]) - [1231232311]
00:02:16.540 [http-nio-1212-exec-3] TRACE o.h.t.descriptor.sql.BasicExtractor - extracted value ([ven_coun7_5_] : [VARCHAR]) - [Germany]
00:02:16.540 [http-nio-1212-exec-3] TRACE o.h.t.descriptor.sql.BasicExtractor - extracted value ([ven_emai8_5_] : [VARCHAR]) - [kfek@kd.jkfc]
00:02:16.540 [http-nio-1212-exec-3] TRACE o.h.t.descriptor.sql.BasicExtractor - extracted value ([ven_name9_5_] : [VARCHAR]) - [a]
00:02:16.541 [http-nio-1212-exec-3] TRACE o.h.t.descriptor.sql.BasicExtractor - extracted value ([ven_pay10_5_] : [VARCHAR]) - [null]
00:02:16.541 [http-nio-1212-exec-3] TRACE o.h.t.descriptor.sql.BasicExtractor - extracted value ([ven_sta11_5_] : [VARCHAR]) - [Maharastra]
00:02:16.541 [http-nio-1212-exec-3] TRACE o.h.t.descriptor.sql.BasicExtractor - extracted value ([ven_typ12_5_] : [VARCHAR]) - [Telephone]
00:02:16.541 [http-nio-1212-exec-3] TRACE o.h.t.descriptor.sql.BasicExtractor - extracted value ([ven_web13_5_] : [VARCHAR]) - [sdfw3@345]
00:02:16.542 [http-nio-1212-exec-3] TRACE o.h.t.descriptor.sql.BasicExtractor - extracted value ([ven_yea14_5_] : [INTEGER]) - [2011]
00:02:16.542 [http-nio-1212-exec-3] DEBUG org.hibernate.SQL - select vendorbill0_.vb_bi_id as vb_bi_id1_6_0_, vendorbill0_.vb_ven_id as vb_ven_i2_6_0_, bills1_.bi_id as bi_id1_1_1_, bills1_.bi_amount as bi_amoun2_1_1_, bills1_.bill_types_bill_id as bill_typ3_1_1_, bills1_.user_us_id as user_us_4_1_1_, bill_types2_.bt_id as bt_id1_0_2_, bill_types2_.bt_name as bt_name2_0_2_, user3_.us_id as us_id1_3_3_, user3_.us_aadharnumber as us_aadha2_3_3_, user3_.us_age as us_age3_3_3_, user3_.us_contactnumber as us_conta4_3_3_, user3_.us_firstname as us_first5_3_3_, user3_.us_gender as us_gende6_3_3_, user3_.us_lastname as us_lastn7_3_3_, user3_.us_pan as us_pan8_3_3_, user3_.us_password as us_passw9_3_3_, user3_.us_usid as us_usid10_3_3_ from vendor_bills vendorbill0_ inner join bills bills1_ on vendorbill0_.vb_ven_id=bills1_.bi_id left outer join bill_types bill_types2_ on bills1_.bill_types_bill_id=bill_types2_.bt_id left outer join user user3_ on bills1_.user_us_id=user3_.us_id where vendorbill0_.vb_bi_id=?
00:02:16.696 [http-nio-1212-exec-3] TRACE o.h.type.descriptor.sql.BasicBinder - binding parameter [1] as [INTEGER] - [2]
00:02:16.700 [http-nio-1212-exec-3] DEBUG org.hibernate.SQL - select vendorbill0_.vb_bi_id as vb_bi_id1_6_0_, vendorbill0_.vb_ven_id as vb_ven_i2_6_0_, bills1_.bi_id as bi_id1_1_1_, bills1_.bi_amount as bi_amoun2_1_1_, bills1_.bill_types_bill_id as bill_typ3_1_1_, bills1_.user_us_id as user_us_4_1_1_, bill_types2_.bt_id as bt_id1_0_2_, bill_types2_.bt_name as bt_name2_0_2_, user3_.us_id as us_id1_3_3_, user3_.us_aadharnumber as us_aadha2_3_3_, user3_.us_age as us_age3_3_3_, user3_.us_contactnumber as us_conta4_3_3_, user3_.us_firstname as us_first5_3_3_, user3_.us_gender as us_gende6_3_3_, user3_.us_lastname as us_lastn7_3_3_, user3_.us_pan as us_pan8_3_3_, user3_.us_password as us_passw9_3_3_, user3_.us_usid as us_usid10_3_3_ from vendor_bills vendorbill0_ inner join bills bills1_ on vendorbill0_.vb_ven_id=bills1_.bi_id left outer join bill_types bill_types2_ on bills1_.bill_types_bill_id=bill_types2_.bt_id left outer join user user3_ on bills1_.user_us_id=user3_.us_id where vendorbill0_.vb_bi_id=?
00:02:16.702 [http-nio-1212-exec-3] TRACE o.h.type.descriptor.sql.BasicBinder - binding parameter [1] as [INTEGER] - [1]
00:02:26.623 [http-nio-1212-exec-4] INFO  c.c.B.S.JwtAuthorizationFilter - Start
00:02:26.623 [http-nio-1212-exec-4] DEBUG c.c.B.S.JwtAuthorizationFilter - Basic YTpwd2Q=
00:02:26.625 [http-nio-1212-exec-4] DEBUG org.hibernate.SQL - select * from user  where us_usID=?
00:02:26.626 [http-nio-1212-exec-4] TRACE o.h.type.descriptor.sql.BasicBinder - binding parameter [1] as [VARCHAR] - [a]
00:02:26.627 [http-nio-1212-exec-4] TRACE o.h.t.descriptor.sql.BasicExtractor - extracted value ([us_id] : [INTEGER]) - [1]
00:02:26.627 [http-nio-1212-exec-4] TRACE o.h.t.descriptor.sql.BasicExtractor - extracted value ([us_aadharnumber] : [VARCHAR]) - [434634676635]
00:02:26.627 [http-nio-1212-exec-4] TRACE o.h.t.descriptor.sql.BasicExtractor - extracted value ([us_age] : [INTEGER]) - [20]
00:02:26.628 [http-nio-1212-exec-4] TRACE o.h.t.descriptor.sql.BasicExtractor - extracted value ([us_contactnumber] : [VARCHAR]) - [9898769765]
00:02:26.628 [http-nio-1212-exec-4] TRACE o.h.t.descriptor.sql.BasicExtractor - extracted value ([us_firstname] : [VARCHAR]) - [admin]
00:02:26.628 [http-nio-1212-exec-4] TRACE o.h.t.descriptor.sql.BasicExtractor - extracted value ([us_gender] : [VARCHAR]) - [male]
00:02:26.628 [http-nio-1212-exec-4] TRACE o.h.t.descriptor.sql.BasicExtractor - extracted value ([us_lastname] : [VARCHAR]) - [c]
00:02:26.628 [http-nio-1212-exec-4] TRACE o.h.t.descriptor.sql.BasicExtractor - extracted value ([us_pan] : [VARCHAR]) - [dhfg546546]
00:02:26.629 [http-nio-1212-exec-4] TRACE o.h.t.descriptor.sql.BasicExtractor - extracted value ([us_password] : [VARCHAR]) - [$2a$10$R/lZJuT9skteNmAku9Y7aeutxbOKstD5xE5bHOf74M2PHZipyt3yK]
00:02:26.629 [http-nio-1212-exec-4] TRACE o.h.t.descriptor.sql.BasicExtractor - extracted value ([us_usid] : [VARCHAR]) - [a]
00:02:26.630 [http-nio-1212-exec-4] DEBUG org.hibernate.SQL - select billtypeli0_.user_us_id as user_us_4_1_0_, billtypeli0_.bill_types_bill_id as bill_typ3_1_0_, bill_types1_.bt_id as bt_id1_0_1_, bill_types1_.bt_name as bt_name2_0_1_ from bills billtypeli0_ inner join bill_types bill_types1_ on billtypeli0_.bill_types_bill_id=bill_types1_.bt_id where billtypeli0_.user_us_id=?
00:02:26.631 [http-nio-1212-exec-4] TRACE o.h.type.descriptor.sql.BasicBinder - binding parameter [1] as [INTEGER] - [1]
00:02:26.632 [http-nio-1212-exec-4] TRACE o.h.t.descriptor.sql.BasicExtractor - extracted value ([bt_id1_0_1_] : [INTEGER]) - [1]
00:02:26.632 [http-nio-1212-exec-4] TRACE o.h.t.descriptor.sql.BasicExtractor - extracted value ([bt_name2_0_1_] : [VARCHAR]) - [Electricity]
00:02:26.632 [http-nio-1212-exec-4] TRACE o.h.t.descriptor.sql.BasicExtractor - extracted value ([user_us_4_1_0_] : [INTEGER]) - [1]
00:02:26.633 [http-nio-1212-exec-4] TRACE o.h.t.descriptor.sql.BasicExtractor - extracted value ([bill_typ3_1_0_] : [INTEGER]) - [1]
00:02:26.633 [http-nio-1212-exec-4] DEBUG org.hibernate.SQL - select userlist0_.bill_types_bill_id as bill_typ3_1_0_, userlist0_.user_us_id as user_us_4_1_0_, user1_.us_id as us_id1_3_1_, user1_.us_aadharnumber as us_aadha2_3_1_, user1_.us_age as us_age3_3_1_, user1_.us_contactnumber as us_conta4_3_1_, user1_.us_firstname as us_first5_3_1_, user1_.us_gender as us_gende6_3_1_, user1_.us_lastname as us_lastn7_3_1_, user1_.us_pan as us_pan8_3_1_, user1_.us_password as us_passw9_3_1_, user1_.us_usid as us_usid10_3_1_ from bills userlist0_ inner join user user1_ on userlist0_.user_us_id=user1_.us_id where userlist0_.bill_types_bill_id=?
00:02:26.634 [http-nio-1212-exec-4] TRACE o.h.type.descriptor.sql.BasicBinder - binding parameter [1] as [INTEGER] - [1]
00:02:26.635 [http-nio-1212-exec-4] TRACE o.h.t.descriptor.sql.BasicExtractor - extracted value ([us_id1_3_1_] : [INTEGER]) - [1]
00:02:26.635 [http-nio-1212-exec-4] TRACE o.h.t.descriptor.sql.BasicExtractor - extracted value ([bill_typ3_1_0_] : [INTEGER]) - [1]
00:02:26.635 [http-nio-1212-exec-4] TRACE o.h.t.descriptor.sql.BasicExtractor - extracted value ([user_us_4_1_0_] : [INTEGER]) - [1]
00:02:26.636 [http-nio-1212-exec-4] DEBUG org.hibernate.SQL - select rolelist0_.user_us_id as user_us_1_4_0_, rolelist0_.role_ro_id as role_ro_2_4_0_, role1_.ro_id as ro_id1_2_1_, role1_.ro_name as ro_name2_2_1_ from user_role rolelist0_ inner join role role1_ on rolelist0_.role_ro_id=role1_.ro_id where rolelist0_.user_us_id=?
00:02:26.636 [http-nio-1212-exec-4] TRACE o.h.type.descriptor.sql.BasicBinder - binding parameter [1] as [INTEGER] - [1]
00:02:26.637 [http-nio-1212-exec-4] TRACE o.h.t.descriptor.sql.BasicExtractor - extracted value ([ro_id1_2_1_] : [INTEGER]) - [1]
00:02:26.638 [http-nio-1212-exec-4] TRACE o.h.t.descriptor.sql.BasicExtractor - extracted value ([ro_name2_2_1_] : [VARCHAR]) - [ROLE_ADMIN]
00:02:26.638 [http-nio-1212-exec-4] TRACE o.h.t.descriptor.sql.BasicExtractor - extracted value ([user_us_1_4_0_] : [INTEGER]) - [1]
00:02:26.638 [http-nio-1212-exec-4] TRACE o.h.t.descriptor.sql.BasicExtractor - extracted value ([role_ro_2_4_0_] : [INTEGER]) - [1]
00:02:26.639 [http-nio-1212-exec-4] DEBUG org.hibernate.SQL - select userlist0_.role_ro_id as role_ro_2_4_0_, userlist0_.user_us_id as user_us_1_4_0_, user1_.us_id as us_id1_3_1_, user1_.us_aadharnumber as us_aadha2_3_1_, user1_.us_age as us_age3_3_1_, user1_.us_contactnumber as us_conta4_3_1_, user1_.us_firstname as us_first5_3_1_, user1_.us_gender as us_gende6_3_1_, user1_.us_lastname as us_lastn7_3_1_, user1_.us_pan as us_pan8_3_1_, user1_.us_password as us_passw9_3_1_, user1_.us_usid as us_usid10_3_1_ from user_role userlist0_ inner join user user1_ on userlist0_.user_us_id=user1_.us_id where userlist0_.role_ro_id=?
00:02:26.639 [http-nio-1212-exec-4] TRACE o.h.type.descriptor.sql.BasicBinder - binding parameter [1] as [INTEGER] - [1]
00:02:26.640 [http-nio-1212-exec-4] TRACE o.h.t.descriptor.sql.BasicExtractor - extracted value ([us_id1_3_1_] : [INTEGER]) - [1]
00:02:26.640 [http-nio-1212-exec-4] TRACE o.h.t.descriptor.sql.BasicExtractor - extracted value ([role_ro_2_4_0_] : [INTEGER]) - [1]
00:02:26.642 [http-nio-1212-exec-4] TRACE o.h.t.descriptor.sql.BasicExtractor - extracted value ([user_us_1_4_0_] : [INTEGER]) - [1]
00:02:26.712 [http-nio-1212-exec-4] DEBUG c.c.B.C.AuthenticationController - token eyJhbGciOiJIUzI1NiJ9.eyJzdWIiOiJhIiwiaWF0IjoxNTc1MDUyMzQ2LCJleHAiOjE1NzUwNTM1NDZ9.owf42WkNxItOUnnji6A-Nvz9yuZlibbBVb0W3zs_6tw
00:02:26.712 [http-nio-1212-exec-4] DEBUG c.c.B.C.AuthenticationController - role ROLE_ADMIN
00:02:26.843 [http-nio-1212-exec-5] INFO  c.c.B.S.JwtAuthorizationFilter - Start
00:02:26.844 [http-nio-1212-exec-5] DEBUG c.c.B.S.JwtAuthorizationFilter - Bearer
00:02:26.891 [http-nio-1212-exec-5] DEBUG org.hibernate.SQL - select vendor0_.ven_id as ven_id1_5_, vendor0_.ven_address as ven_addr2_5_, vendor0_.ven_certificate_issue as ven_cert3_5_, vendor0_.ven_certificate_validity as ven_cert4_5_, vendor0_.ven_com_reg_no as ven_com_5_5_, vendor0_.ven_contact_number as ven_cont6_5_, vendor0_.ven_country as ven_coun7_5_, vendor0_.ven_email_address as ven_emai8_5_, vendor0_.ven_name as ven_name9_5_, vendor0_.ven_payment as ven_pay10_5_, vendor0_.ven_state as ven_sta11_5_, vendor0_.ven_type as ven_typ12_5_, vendor0_.ven_website as ven_web13_5_, vendor0_.ven_year_of_establishment as ven_yea14_5_ from vendor vendor0_
00:02:26.892 [http-nio-1212-exec-5] TRACE o.h.t.descriptor.sql.BasicExtractor - extracted value ([ven_id1_5_] : [INTEGER]) - [1]
00:02:26.893 [http-nio-1212-exec-5] TRACE o.h.t.descriptor.sql.BasicExtractor - extracted value ([ven_addr2_5_] : [VARCHAR]) - [133]
00:02:26.893 [http-nio-1212-exec-5] TRACE o.h.t.descriptor.sql.BasicExtractor - extracted value ([ven_cert3_5_] : [TIMESTAMP]) - [2019-11-21 00:00:00.0]
00:02:26.893 [http-nio-1212-exec-5] TRACE o.h.t.descriptor.sql.BasicExtractor - extracted value ([ven_cert4_5_] : [TIMESTAMP]) - [2020-10-26 00:00:00.0]
00:02:26.894 [http-nio-1212-exec-5] TRACE o.h.t.descriptor.sql.BasicExtractor - extracted value ([ven_com_5_5_] : [VARCHAR]) - [12323]
00:02:26.894 [http-nio-1212-exec-5] TRACE o.h.t.descriptor.sql.BasicExtractor - extracted value ([ven_cont6_5_] : [INTEGER]) - [1231232311]
00:02:26.894 [http-nio-1212-exec-5] TRACE o.h.t.descriptor.sql.BasicExtractor - extracted value ([ven_coun7_5_] : [VARCHAR]) - [Germany]
00:02:26.894 [http-nio-1212-exec-5] TRACE o.h.t.descriptor.sql.BasicExtractor - extracted value ([ven_emai8_5_] : [VARCHAR]) - [kfek@kd.jkfc]
00:02:26.895 [http-nio-1212-exec-5] TRACE o.h.t.descriptor.sql.BasicExtractor - extracted value ([ven_name9_5_] : [VARCHAR]) - [a]
00:02:26.945 [http-nio-1212-exec-5] TRACE o.h.t.descriptor.sql.BasicExtractor - extracted value ([ven_pay10_5_] : [VARCHAR]) - [null]
00:02:26.945 [http-nio-1212-exec-5] TRACE o.h.t.descriptor.sql.BasicExtractor - extracted value ([ven_sta11_5_] : [VARCHAR]) - [Maharastra]
00:02:26.945 [http-nio-1212-exec-5] TRACE o.h.t.descriptor.sql.BasicExtractor - extracted value ([ven_typ12_5_] : [VARCHAR]) - [Electricity]
00:02:26.945 [http-nio-1212-exec-5] TRACE o.h.t.descriptor.sql.BasicExtractor - extracted value ([ven_web13_5_] : [VARCHAR]) - [sdfw3@3]
00:02:26.946 [http-nio-1212-exec-5] TRACE o.h.t.descriptor.sql.BasicExtractor - extracted value ([ven_yea14_5_] : [INTEGER]) - [2011]
00:02:26.946 [http-nio-1212-exec-5] TRACE o.h.t.descriptor.sql.BasicExtractor - extracted value ([ven_id1_5_] : [INTEGER]) - [2]
00:02:26.946 [http-nio-1212-exec-5] TRACE o.h.t.descriptor.sql.BasicExtractor - extracted value ([ven_addr2_5_] : [VARCHAR]) - [133]
00:02:26.946 [http-nio-1212-exec-5] TRACE o.h.t.descriptor.sql.BasicExtractor - extracted value ([ven_cert3_5_] : [TIMESTAMP]) - [2019-11-21 00:00:00.0]
00:02:26.947 [http-nio-1212-exec-5] TRACE o.h.t.descriptor.sql.BasicExtractor - extracted value ([ven_cert4_5_] : [TIMESTAMP]) - [2020-10-26 00:00:00.0]
00:02:26.947 [http-nio-1212-exec-5] TRACE o.h.t.descriptor.sql.BasicExtractor - extracted value ([ven_com_5_5_] : [VARCHAR]) - [12323]
00:02:26.949 [http-nio-1212-exec-5] TRACE o.h.t.descriptor.sql.BasicExtractor - extracted value ([ven_cont6_5_] : [INTEGER]) - [1231232311]
00:02:26.949 [http-nio-1212-exec-5] TRACE o.h.t.descriptor.sql.BasicExtractor - extracted value ([ven_coun7_5_] : [VARCHAR]) - [Germany]
00:02:26.949 [http-nio-1212-exec-5] TRACE o.h.t.descriptor.sql.BasicExtractor - extracted value ([ven_emai8_5_] : [VARCHAR]) - [kfek@kd.jkfc]
00:02:26.949 [http-nio-1212-exec-5] TRACE o.h.t.descriptor.sql.BasicExtractor - extracted value ([ven_name9_5_] : [VARCHAR]) - [a]
00:02:26.949 [http-nio-1212-exec-5] TRACE o.h.t.descriptor.sql.BasicExtractor - extracted value ([ven_pay10_5_] : [VARCHAR]) - [null]
00:02:26.950 [http-nio-1212-exec-5] TRACE o.h.t.descriptor.sql.BasicExtractor - extracted value ([ven_sta11_5_] : [VARCHAR]) - [Maharastra]
00:02:26.950 [http-nio-1212-exec-5] TRACE o.h.t.descriptor.sql.BasicExtractor - extracted value ([ven_typ12_5_] : [VARCHAR]) - [Telephone]
00:02:26.950 [http-nio-1212-exec-5] TRACE o.h.t.descriptor.sql.BasicExtractor - extracted value ([ven_web13_5_] : [VARCHAR]) - [sdfw3@345]
00:02:26.950 [http-nio-1212-exec-5] TRACE o.h.t.descriptor.sql.BasicExtractor - extracted value ([ven_yea14_5_] : [INTEGER]) - [2011]
00:02:26.951 [http-nio-1212-exec-5] DEBUG org.hibernate.SQL - select vendorbill0_.vb_bi_id as vb_bi_id1_6_0_, vendorbill0_.vb_ven_id as vb_ven_i2_6_0_, bills1_.bi_id as bi_id1_1_1_, bills1_.bi_amount as bi_amoun2_1_1_, bills1_.bill_types_bill_id as bill_typ3_1_1_, bills1_.user_us_id as user_us_4_1_1_, bill_types2_.bt_id as bt_id1_0_2_, bill_types2_.bt_name as bt_name2_0_2_, user3_.us_id as us_id1_3_3_, user3_.us_aadharnumber as us_aadha2_3_3_, user3_.us_age as us_age3_3_3_, user3_.us_contactnumber as us_conta4_3_3_, user3_.us_firstname as us_first5_3_3_, user3_.us_gender as us_gende6_3_3_, user3_.us_lastname as us_lastn7_3_3_, user3_.us_pan as us_pan8_3_3_, user3_.us_password as us_passw9_3_3_, user3_.us_usid as us_usid10_3_3_ from vendor_bills vendorbill0_ inner join bills bills1_ on vendorbill0_.vb_ven_id=bills1_.bi_id left outer join bill_types bill_types2_ on bills1_.bill_types_bill_id=bill_types2_.bt_id left outer join user user3_ on bills1_.user_us_id=user3_.us_id where vendorbill0_.vb_bi_id=?
00:02:26.951 [http-nio-1212-exec-5] TRACE o.h.type.descriptor.sql.BasicBinder - binding parameter [1] as [INTEGER] - [2]
00:02:26.977 [http-nio-1212-exec-5] DEBUG org.hibernate.SQL - select vendorbill0_.vb_bi_id as vb_bi_id1_6_0_, vendorbill0_.vb_ven_id as vb_ven_i2_6_0_, bills1_.bi_id as bi_id1_1_1_, bills1_.bi_amount as bi_amoun2_1_1_, bills1_.bill_types_bill_id as bill_typ3_1_1_, bills1_.user_us_id as user_us_4_1_1_, bill_types2_.bt_id as bt_id1_0_2_, bill_types2_.bt_name as bt_name2_0_2_, user3_.us_id as us_id1_3_3_, user3_.us_aadharnumber as us_aadha2_3_3_, user3_.us_age as us_age3_3_3_, user3_.us_contactnumber as us_conta4_3_3_, user3_.us_firstname as us_first5_3_3_, user3_.us_gender as us_gende6_3_3_, user3_.us_lastname as us_lastn7_3_3_, user3_.us_pan as us_pan8_3_3_, user3_.us_password as us_passw9_3_3_, user3_.us_usid as us_usid10_3_3_ from vendor_bills vendorbill0_ inner join bills bills1_ on vendorbill0_.vb_ven_id=bills1_.bi_id left outer join bill_types bill_types2_ on bills1_.bill_types_bill_id=bill_types2_.bt_id left outer join user user3_ on bills1_.user_us_id=user3_.us_id where vendorbill0_.vb_bi_id=?
00:02:26.978 [http-nio-1212-exec-5] TRACE o.h.type.descriptor.sql.BasicBinder - binding parameter [1] as [INTEGER] - [1]
00:02:53.449 [http-nio-1212-exec-8] INFO  c.c.B.S.JwtAuthorizationFilter - Start
00:02:53.449 [http-nio-1212-exec-8] DEBUG c.c.B.S.JwtAuthorizationFilter - Bearer
00:02:53.454 [http-nio-1212-exec-8] DEBUG org.hibernate.SQL - select * from vendor where ven_id=?
00:02:53.455 [http-nio-1212-exec-8] TRACE o.h.type.descriptor.sql.BasicBinder - binding parameter [1] as [VARCHAR] - [2]
00:02:53.456 [http-nio-1212-exec-8] TRACE o.h.t.descriptor.sql.BasicExtractor - extracted value ([ven_id] : [INTEGER]) - [2]
00:02:53.457 [http-nio-1212-exec-8] TRACE o.h.t.descriptor.sql.BasicExtractor - extracted value ([ven_address] : [VARCHAR]) - [133]
00:02:53.457 [http-nio-1212-exec-8] TRACE o.h.t.descriptor.sql.BasicExtractor - extracted value ([ven_certificate_issue] : [TIMESTAMP]) - [2019-11-21 00:00:00.0]
00:02:53.457 [http-nio-1212-exec-8] TRACE o.h.t.descriptor.sql.BasicExtractor - extracted value ([ven_certificate_validity] : [TIMESTAMP]) - [2020-10-26 00:00:00.0]
00:02:53.457 [http-nio-1212-exec-8] TRACE o.h.t.descriptor.sql.BasicExtractor - extracted value ([ven_com_reg_no] : [VARCHAR]) - [12323]
00:02:53.458 [http-nio-1212-exec-8] TRACE o.h.t.descriptor.sql.BasicExtractor - extracted value ([ven_contact_number] : [INTEGER]) - [1231232311]
00:02:53.458 [http-nio-1212-exec-8] TRACE o.h.t.descriptor.sql.BasicExtractor - extracted value ([ven_country] : [VARCHAR]) - [Germany]
00:02:53.620 [http-nio-1212-exec-8] TRACE o.h.t.descriptor.sql.BasicExtractor - extracted value ([ven_email_address] : [VARCHAR]) - [kfek@kd.jkfc]
00:02:53.621 [http-nio-1212-exec-8] TRACE o.h.t.descriptor.sql.BasicExtractor - extracted value ([ven_name] : [VARCHAR]) - [a]
00:02:53.621 [http-nio-1212-exec-8] TRACE o.h.t.descriptor.sql.BasicExtractor - extracted value ([ven_payment] : [VARCHAR]) - [null]
00:02:53.622 [http-nio-1212-exec-8] TRACE o.h.t.descriptor.sql.BasicExtractor - extracted value ([ven_state] : [VARCHAR]) - [Maharastra]
00:02:53.670 [http-nio-1212-exec-8] TRACE o.h.t.descriptor.sql.BasicExtractor - extracted value ([ven_type] : [VARCHAR]) - [Telephone]
00:02:53.670 [http-nio-1212-exec-8] TRACE o.h.t.descriptor.sql.BasicExtractor - extracted value ([ven_website] : [VARCHAR]) - [sdfw3@345]
00:02:53.671 [http-nio-1212-exec-8] TRACE o.h.t.descriptor.sql.BasicExtractor - extracted value ([ven_year_of_establishment] : [INTEGER]) - [2011]
00:02:53.672 [http-nio-1212-exec-8] DEBUG org.hibernate.SQL - select vendorbill0_.vb_bi_id as vb_bi_id1_6_0_, vendorbill0_.vb_ven_id as vb_ven_i2_6_0_, bills1_.bi_id as bi_id1_1_1_, bills1_.bi_amount as bi_amoun2_1_1_, bills1_.bill_types_bill_id as bill_typ3_1_1_, bills1_.user_us_id as user_us_4_1_1_, bill_types2_.bt_id as bt_id1_0_2_, bill_types2_.bt_name as bt_name2_0_2_, user3_.us_id as us_id1_3_3_, user3_.us_aadharnumber as us_aadha2_3_3_, user3_.us_age as us_age3_3_3_, user3_.us_contactnumber as us_conta4_3_3_, user3_.us_firstname as us_first5_3_3_, user3_.us_gender as us_gende6_3_3_, user3_.us_lastname as us_lastn7_3_3_, user3_.us_pan as us_pan8_3_3_, user3_.us_password as us_passw9_3_3_, user3_.us_usid as us_usid10_3_3_ from vendor_bills vendorbill0_ inner join bills bills1_ on vendorbill0_.vb_ven_id=bills1_.bi_id left outer join bill_types bill_types2_ on bills1_.bill_types_bill_id=bill_types2_.bt_id left outer join user user3_ on bills1_.user_us_id=user3_.us_id where vendorbill0_.vb_bi_id=?
00:02:53.673 [http-nio-1212-exec-8] TRACE o.h.type.descriptor.sql.BasicBinder - binding parameter [1] as [INTEGER] - [2]
00:02:58.294 [http-nio-1212-exec-9] INFO  c.c.B.S.JwtAuthorizationFilter - Start
00:02:58.294 [http-nio-1212-exec-9] DEBUG c.c.B.S.JwtAuthorizationFilter - Bearer
00:02:58.318 [http-nio-1212-exec-9] DEBUG org.hibernate.SQL - select * from vendor where ven_id=?
00:02:58.319 [http-nio-1212-exec-9] TRACE o.h.type.descriptor.sql.BasicBinder - binding parameter [1] as [VARCHAR] - [2]
00:02:58.320 [http-nio-1212-exec-9] TRACE o.h.t.descriptor.sql.BasicExtractor - extracted value ([ven_id] : [INTEGER]) - [2]
00:02:58.321 [http-nio-1212-exec-9] TRACE o.h.t.descriptor.sql.BasicExtractor - extracted value ([ven_address] : [VARCHAR]) - [133]
00:02:58.321 [http-nio-1212-exec-9] TRACE o.h.t.descriptor.sql.BasicExtractor - extracted value ([ven_certificate_issue] : [TIMESTAMP]) - [2019-11-21 00:00:00.0]
00:02:58.322 [http-nio-1212-exec-9] TRACE o.h.t.descriptor.sql.BasicExtractor - extracted value ([ven_certificate_validity] : [TIMESTAMP]) - [2020-10-26 00:00:00.0]
00:02:58.323 [http-nio-1212-exec-9] TRACE o.h.t.descriptor.sql.BasicExtractor - extracted value ([ven_com_reg_no] : [VARCHAR]) - [12323]
00:02:58.323 [http-nio-1212-exec-9] TRACE o.h.t.descriptor.sql.BasicExtractor - extracted value ([ven_contact_number] : [INTEGER]) - [1231232311]
00:02:58.324 [http-nio-1212-exec-9] TRACE o.h.t.descriptor.sql.BasicExtractor - extracted value ([ven_country] : [VARCHAR]) - [Germany]
00:02:58.325 [http-nio-1212-exec-9] TRACE o.h.t.descriptor.sql.BasicExtractor - extracted value ([ven_email_address] : [VARCHAR]) - [kfek@kd.jkfc]
00:02:58.325 [http-nio-1212-exec-9] TRACE o.h.t.descriptor.sql.BasicExtractor - extracted value ([ven_name] : [VARCHAR]) - [a]
00:02:58.326 [http-nio-1212-exec-9] TRACE o.h.t.descriptor.sql.BasicExtractor - extracted value ([ven_payment] : [VARCHAR]) - [null]
00:02:58.326 [http-nio-1212-exec-9] TRACE o.h.t.descriptor.sql.BasicExtractor - extracted value ([ven_state] : [VARCHAR]) - [Maharastra]
00:02:58.327 [http-nio-1212-exec-9] TRACE o.h.t.descriptor.sql.BasicExtractor - extracted value ([ven_type] : [VARCHAR]) - [Telephone]
00:02:58.328 [http-nio-1212-exec-9] TRACE o.h.t.descriptor.sql.BasicExtractor - extracted value ([ven_website] : [VARCHAR]) - [sdfw3@345]
00:02:58.328 [http-nio-1212-exec-9] TRACE o.h.t.descriptor.sql.BasicExtractor - extracted value ([ven_year_of_establishment] : [INTEGER]) - [2011]
00:02:58.329 [http-nio-1212-exec-9] DEBUG org.hibernate.SQL - select vendorbill0_.vb_bi_id as vb_bi_id1_6_0_, vendorbill0_.vb_ven_id as vb_ven_i2_6_0_, bills1_.bi_id as bi_id1_1_1_, bills1_.bi_amount as bi_amoun2_1_1_, bills1_.bill_types_bill_id as bill_typ3_1_1_, bills1_.user_us_id as user_us_4_1_1_, bill_types2_.bt_id as bt_id1_0_2_, bill_types2_.bt_name as bt_name2_0_2_, user3_.us_id as us_id1_3_3_, user3_.us_aadharnumber as us_aadha2_3_3_, user3_.us_age as us_age3_3_3_, user3_.us_contactnumber as us_conta4_3_3_, user3_.us_firstname as us_first5_3_3_, user3_.us_gender as us_gende6_3_3_, user3_.us_lastname as us_lastn7_3_3_, user3_.us_pan as us_pan8_3_3_, user3_.us_password as us_passw9_3_3_, user3_.us_usid as us_usid10_3_3_ from vendor_bills vendorbill0_ inner join bills bills1_ on vendorbill0_.vb_ven_id=bills1_.bi_id left outer join bill_types bill_types2_ on bills1_.bill_types_bill_id=bill_types2_.bt_id left outer join user user3_ on bills1_.user_us_id=user3_.us_id where vendorbill0_.vb_bi_id=?
00:02:58.371 [http-nio-1212-exec-9] TRACE o.h.type.descriptor.sql.BasicBinder - binding parameter [1] as [INTEGER] - [2]
00:03:29.621 [http-nio-1212-exec-1] INFO  c.c.B.S.JwtAuthorizationFilter - Start
00:03:29.622 [http-nio-1212-exec-1] DEBUG c.c.B.S.JwtAuthorizationFilter - Bearer
00:03:29.722 [http-nio-1212-exec-1] DEBUG org.hibernate.SQL - select vendor0_.ven_id as ven_id1_5_0_, vendor0_.ven_address as ven_addr2_5_0_, vendor0_.ven_certificate_issue as ven_cert3_5_0_, vendor0_.ven_certificate_validity as ven_cert4_5_0_, vendor0_.ven_com_reg_no as ven_com_5_5_0_, vendor0_.ven_contact_number as ven_cont6_5_0_, vendor0_.ven_country as ven_coun7_5_0_, vendor0_.ven_email_address as ven_emai8_5_0_, vendor0_.ven_name as ven_name9_5_0_, vendor0_.ven_payment as ven_pay10_5_0_, vendor0_.ven_state as ven_sta11_5_0_, vendor0_.ven_type as ven_typ12_5_0_, vendor0_.ven_website as ven_web13_5_0_, vendor0_.ven_year_of_establishment as ven_yea14_5_0_ from vendor vendor0_ where vendor0_.ven_id=?
00:03:29.723 [http-nio-1212-exec-1] TRACE o.h.type.descriptor.sql.BasicBinder - binding parameter [1] as [INTEGER] - [2]
00:03:29.724 [http-nio-1212-exec-1] TRACE o.h.t.descriptor.sql.BasicExtractor - extracted value ([ven_addr2_5_0_] : [VARCHAR]) - [133]
00:03:29.725 [http-nio-1212-exec-1] TRACE o.h.t.descriptor.sql.BasicExtractor - extracted value ([ven_cert3_5_0_] : [TIMESTAMP]) - [2019-11-21 00:00:00.0]
00:03:29.725 [http-nio-1212-exec-1] TRACE o.h.t.descriptor.sql.BasicExtractor - extracted value ([ven_cert4_5_0_] : [TIMESTAMP]) - [2020-10-26 00:00:00.0]
00:03:29.726 [http-nio-1212-exec-1] TRACE o.h.t.descriptor.sql.BasicExtractor - extracted value ([ven_com_5_5_0_] : [VARCHAR]) - [12323]
00:03:29.726 [http-nio-1212-exec-1] TRACE o.h.t.descriptor.sql.BasicExtractor - extracted value ([ven_cont6_5_0_] : [INTEGER]) - [1231232311]
00:03:29.727 [http-nio-1212-exec-1] TRACE o.h.t.descriptor.sql.BasicExtractor - extracted value ([ven_coun7_5_0_] : [VARCHAR]) - [Germany]
00:03:29.727 [http-nio-1212-exec-1] TRACE o.h.t.descriptor.sql.BasicExtractor - extracted value ([ven_emai8_5_0_] : [VARCHAR]) - [kfek@kd.jkfc]
00:03:29.729 [http-nio-1212-exec-1] TRACE o.h.t.descriptor.sql.BasicExtractor - extracted value ([ven_name9_5_0_] : [VARCHAR]) - [a]
00:03:29.730 [http-nio-1212-exec-1] TRACE o.h.t.descriptor.sql.BasicExtractor - extracted value ([ven_pay10_5_0_] : [VARCHAR]) - [null]
00:03:29.731 [http-nio-1212-exec-1] TRACE o.h.t.descriptor.sql.BasicExtractor - extracted value ([ven_sta11_5_0_] : [VARCHAR]) - [Maharastra]
00:03:29.732 [http-nio-1212-exec-1] TRACE o.h.t.descriptor.sql.BasicExtractor - extracted value ([ven_typ12_5_0_] : [VARCHAR]) - [Telephone]
00:03:29.733 [http-nio-1212-exec-1] TRACE o.h.t.descriptor.sql.BasicExtractor - extracted value ([ven_web13_5_0_] : [VARCHAR]) - [sdfw3@345]
00:03:29.735 [http-nio-1212-exec-1] TRACE o.h.t.descriptor.sql.BasicExtractor - extracted value ([ven_yea14_5_0_] : [INTEGER]) - [2011]
00:03:29.736 [http-nio-1212-exec-1] DEBUG org.hibernate.SQL - select vendorbill0_.vb_bi_id as vb_bi_id1_6_0_, vendorbill0_.vb_ven_id as vb_ven_i2_6_0_, bills1_.bi_id as bi_id1_1_1_, bills1_.bi_amount as bi_amoun2_1_1_, bills1_.bill_types_bill_id as bill_typ3_1_1_, bills1_.user_us_id as user_us_4_1_1_, bill_types2_.bt_id as bt_id1_0_2_, bill_types2_.bt_name as bt_name2_0_2_, user3_.us_id as us_id1_3_3_, user3_.us_aadharnumber as us_aadha2_3_3_, user3_.us_age as us_age3_3_3_, user3_.us_contactnumber as us_conta4_3_3_, user3_.us_firstname as us_first5_3_3_, user3_.us_gender as us_gende6_3_3_, user3_.us_lastname as us_lastn7_3_3_, user3_.us_pan as us_pan8_3_3_, user3_.us_password as us_passw9_3_3_, user3_.us_usid as us_usid10_3_3_ from vendor_bills vendorbill0_ inner join bills bills1_ on vendorbill0_.vb_ven_id=bills1_.bi_id left outer join bill_types bill_types2_ on bills1_.bill_types_bill_id=bill_types2_.bt_id left outer join user user3_ on bills1_.user_us_id=user3_.us_id where vendorbill0_.vb_bi_id=?
00:03:29.737 [http-nio-1212-exec-1] TRACE o.h.type.descriptor.sql.BasicBinder - binding parameter [1] as [INTEGER] - [2]
00:03:29.749 [http-nio-1212-exec-1] DEBUG org.hibernate.SQL - update vendor set ven_address=?, ven_certificate_issue=?, ven_certificate_validity=?, ven_com_reg_no=?, ven_contact_number=?, ven_country=?, ven_email_address=?, ven_name=?, ven_payment=?, ven_state=?, ven_type=?, ven_website=?, ven_year_of_establishment=? where ven_id=?
00:03:29.750 [http-nio-1212-exec-1] TRACE o.h.type.descriptor.sql.BasicBinder - binding parameter [1] as [VARCHAR] - [123]
00:03:29.752 [http-nio-1212-exec-1] TRACE o.h.type.descriptor.sql.BasicBinder - binding parameter [2] as [TIMESTAMP] - [Thu Nov 21 05:30:00 IST 2019]
00:03:29.752 [http-nio-1212-exec-1] TRACE o.h.type.descriptor.sql.BasicBinder - binding parameter [3] as [TIMESTAMP] - [Mon Oct 26 05:30:00 IST 2020]
00:03:29.753 [http-nio-1212-exec-1] TRACE o.h.type.descriptor.sql.BasicBinder - binding parameter [4] as [VARCHAR] - [12133]
00:03:29.753 [http-nio-1212-exec-1] TRACE o.h.type.descriptor.sql.BasicBinder - binding parameter [5] as [INTEGER] - [1231232311]
00:03:29.753 [http-nio-1212-exec-1] TRACE o.h.type.descriptor.sql.BasicBinder - binding parameter [6] as [VARCHAR] - [Germany]
00:03:29.753 [http-nio-1212-exec-1] TRACE o.h.type.descriptor.sql.BasicBinder - binding parameter [7] as [VARCHAR] - [kfek@kd.jkfc]
00:03:29.754 [http-nio-1212-exec-1] TRACE o.h.type.descriptor.sql.BasicBinder - binding parameter [8] as [VARCHAR] - [b]
00:03:29.770 [http-nio-1212-exec-1] TRACE o.h.type.descriptor.sql.BasicBinder - binding parameter [9] as [VARCHAR] - [null]
00:03:29.770 [http-nio-1212-exec-1] TRACE o.h.type.descriptor.sql.BasicBinder - binding parameter [10] as [VARCHAR] - [Kerla]
00:03:29.771 [http-nio-1212-exec-1] TRACE o.h.type.descriptor.sql.BasicBinder - binding parameter [11] as [VARCHAR] - [null]
00:03:29.771 [http-nio-1212-exec-1] TRACE o.h.type.descriptor.sql.BasicBinder - binding parameter [12] as [VARCHAR] - [sdfw3@345]
00:03:29.771 [http-nio-1212-exec-1] TRACE o.h.type.descriptor.sql.BasicBinder - binding parameter [13] as [INTEGER] - [2011]
00:03:29.771 [http-nio-1212-exec-1] TRACE o.h.type.descriptor.sql.BasicBinder - binding parameter [14] as [INTEGER] - [2]
00:06:36.168 [http-nio-1212-exec-2] INFO  c.c.B.S.JwtAuthorizationFilter - Start
00:06:36.169 [http-nio-1212-exec-2] DEBUG c.c.B.S.JwtAuthorizationFilter - Basic YTpwd2Q=
00:06:36.171 [http-nio-1212-exec-2] DEBUG org.hibernate.SQL - select * from user  where us_usID=?
00:06:36.172 [http-nio-1212-exec-2] TRACE o.h.type.descriptor.sql.BasicBinder - binding parameter [1] as [VARCHAR] - [a]
00:06:36.173 [http-nio-1212-exec-2] TRACE o.h.t.descriptor.sql.BasicExtractor - extracted value ([us_id] : [INTEGER]) - [1]
00:06:36.173 [http-nio-1212-exec-2] TRACE o.h.t.descriptor.sql.BasicExtractor - extracted value ([us_aadharnumber] : [VARCHAR]) - [434634676635]
00:06:36.174 [http-nio-1212-exec-2] TRACE o.h.t.descriptor.sql.BasicExtractor - extracted value ([us_age] : [INTEGER]) - [20]
00:06:36.174 [http-nio-1212-exec-2] TRACE o.h.t.descriptor.sql.BasicExtractor - extracted value ([us_contactnumber] : [VARCHAR]) - [9898769765]
00:06:36.174 [http-nio-1212-exec-2] TRACE o.h.t.descriptor.sql.BasicExtractor - extracted value ([us_firstname] : [VARCHAR]) - [admin]
00:06:36.175 [http-nio-1212-exec-2] TRACE o.h.t.descriptor.sql.BasicExtractor - extracted value ([us_gender] : [VARCHAR]) - [male]
00:06:36.175 [http-nio-1212-exec-2] TRACE o.h.t.descriptor.sql.BasicExtractor - extracted value ([us_lastname] : [VARCHAR]) - [c]
00:06:36.175 [http-nio-1212-exec-2] TRACE o.h.t.descriptor.sql.BasicExtractor - extracted value ([us_pan] : [VARCHAR]) - [dhfg546546]
00:06:36.206 [http-nio-1212-exec-2] TRACE o.h.t.descriptor.sql.BasicExtractor - extracted value ([us_password] : [VARCHAR]) - [$2a$10$R/lZJuT9skteNmAku9Y7aeutxbOKstD5xE5bHOf74M2PHZipyt3yK]
00:06:36.207 [http-nio-1212-exec-2] TRACE o.h.t.descriptor.sql.BasicExtractor - extracted value ([us_usid] : [VARCHAR]) - [a]
00:06:36.207 [http-nio-1212-exec-2] DEBUG org.hibernate.SQL - select billtypeli0_.user_us_id as user_us_4_1_0_, billtypeli0_.bill_types_bill_id as bill_typ3_1_0_, bill_types1_.bt_id as bt_id1_0_1_, bill_types1_.bt_name as bt_name2_0_1_ from bills billtypeli0_ inner join bill_types bill_types1_ on billtypeli0_.bill_types_bill_id=bill_types1_.bt_id where billtypeli0_.user_us_id=?
00:06:36.208 [http-nio-1212-exec-2] TRACE o.h.type.descriptor.sql.BasicBinder - binding parameter [1] as [INTEGER] - [1]
00:06:36.210 [http-nio-1212-exec-2] TRACE o.h.t.descriptor.sql.BasicExtractor - extracted value ([bt_id1_0_1_] : [INTEGER]) - [1]
00:06:36.459 [http-nio-1212-exec-2] TRACE o.h.t.descriptor.sql.BasicExtractor - extracted value ([bt_name2_0_1_] : [VARCHAR]) - [Electricity]
00:06:36.460 [http-nio-1212-exec-2] TRACE o.h.t.descriptor.sql.BasicExtractor - extracted value ([user_us_4_1_0_] : [INTEGER]) - [1]
00:06:36.460 [http-nio-1212-exec-2] TRACE o.h.t.descriptor.sql.BasicExtractor - extracted value ([bill_typ3_1_0_] : [INTEGER]) - [1]
00:06:36.461 [http-nio-1212-exec-2] DEBUG org.hibernate.SQL - select userlist0_.bill_types_bill_id as bill_typ3_1_0_, userlist0_.user_us_id as user_us_4_1_0_, user1_.us_id as us_id1_3_1_, user1_.us_aadharnumber as us_aadha2_3_1_, user1_.us_age as us_age3_3_1_, user1_.us_contactnumber as us_conta4_3_1_, user1_.us_firstname as us_first5_3_1_, user1_.us_gender as us_gende6_3_1_, user1_.us_lastname as us_lastn7_3_1_, user1_.us_pan as us_pan8_3_1_, user1_.us_password as us_passw9_3_1_, user1_.us_usid as us_usid10_3_1_ from bills userlist0_ inner join user user1_ on userlist0_.user_us_id=user1_.us_id where userlist0_.bill_types_bill_id=?
00:06:36.461 [http-nio-1212-exec-2] TRACE o.h.type.descriptor.sql.BasicBinder - binding parameter [1] as [INTEGER] - [1]
00:06:36.462 [http-nio-1212-exec-2] TRACE o.h.t.descriptor.sql.BasicExtractor - extracted value ([us_id1_3_1_] : [INTEGER]) - [1]
00:06:36.462 [http-nio-1212-exec-2] TRACE o.h.t.descriptor.sql.BasicExtractor - extracted value ([bill_typ3_1_0_] : [INTEGER]) - [1]
00:06:36.463 [http-nio-1212-exec-2] TRACE o.h.t.descriptor.sql.BasicExtractor - extracted value ([user_us_4_1_0_] : [INTEGER]) - [1]
00:06:36.463 [http-nio-1212-exec-2] DEBUG org.hibernate.SQL - select rolelist0_.user_us_id as user_us_1_4_0_, rolelist0_.role_ro_id as role_ro_2_4_0_, role1_.ro_id as ro_id1_2_1_, role1_.ro_name as ro_name2_2_1_ from user_role rolelist0_ inner join role role1_ on rolelist0_.role_ro_id=role1_.ro_id where rolelist0_.user_us_id=?
00:06:36.464 [http-nio-1212-exec-2] TRACE o.h.type.descriptor.sql.BasicBinder - binding parameter [1] as [INTEGER] - [1]
00:06:36.519 [http-nio-1212-exec-2] TRACE o.h.t.descriptor.sql.BasicExtractor - extracted value ([ro_id1_2_1_] : [INTEGER]) - [1]
00:06:36.519 [http-nio-1212-exec-2] TRACE o.h.t.descriptor.sql.BasicExtractor - extracted value ([ro_name2_2_1_] : [VARCHAR]) - [ROLE_ADMIN]
00:06:36.520 [http-nio-1212-exec-2] TRACE o.h.t.descriptor.sql.BasicExtractor - extracted value ([user_us_1_4_0_] : [INTEGER]) - [1]
00:06:36.520 [http-nio-1212-exec-2] TRACE o.h.t.descriptor.sql.BasicExtractor - extracted value ([role_ro_2_4_0_] : [INTEGER]) - [1]
00:06:36.521 [http-nio-1212-exec-2] DEBUG org.hibernate.SQL - select userlist0_.role_ro_id as role_ro_2_4_0_, userlist0_.user_us_id as user_us_1_4_0_, user1_.us_id as us_id1_3_1_, user1_.us_aadharnumber as us_aadha2_3_1_, user1_.us_age as us_age3_3_1_, user1_.us_contactnumber as us_conta4_3_1_, user1_.us_firstname as us_first5_3_1_, user1_.us_gender as us_gende6_3_1_, user1_.us_lastname as us_lastn7_3_1_, user1_.us_pan as us_pan8_3_1_, user1_.us_password as us_passw9_3_1_, user1_.us_usid as us_usid10_3_1_ from user_role userlist0_ inner join user user1_ on userlist0_.user_us_id=user1_.us_id where userlist0_.role_ro_id=?
00:06:36.521 [http-nio-1212-exec-2] TRACE o.h.type.descriptor.sql.BasicBinder - binding parameter [1] as [INTEGER] - [1]
00:06:36.616 [http-nio-1212-exec-2] TRACE o.h.t.descriptor.sql.BasicExtractor - extracted value ([us_id1_3_1_] : [INTEGER]) - [1]
00:06:36.617 [http-nio-1212-exec-2] TRACE o.h.t.descriptor.sql.BasicExtractor - extracted value ([role_ro_2_4_0_] : [INTEGER]) - [1]
00:06:36.617 [http-nio-1212-exec-2] TRACE o.h.t.descriptor.sql.BasicExtractor - extracted value ([user_us_1_4_0_] : [INTEGER]) - [1]
00:06:36.688 [http-nio-1212-exec-2] DEBUG c.c.B.C.AuthenticationController - token eyJhbGciOiJIUzI1NiJ9.eyJzdWIiOiJhIiwiaWF0IjoxNTc1MDUyNTk2LCJleHAiOjE1NzUwNTM3OTZ9._MZFNo15Iff3JE-74b6CNqCGaMOci528Nn59h2pE2x8
00:06:36.688 [http-nio-1212-exec-2] DEBUG c.c.B.C.AuthenticationController - role ROLE_ADMIN
00:06:36.820 [http-nio-1212-exec-4] INFO  c.c.B.S.JwtAuthorizationFilter - Start
00:06:36.820 [http-nio-1212-exec-4] DEBUG c.c.B.S.JwtAuthorizationFilter - Bearer
00:06:36.821 [http-nio-1212-exec-4] DEBUG org.hibernate.SQL - select vendor0_.ven_id as ven_id1_5_, vendor0_.ven_address as ven_addr2_5_, vendor0_.ven_certificate_issue as ven_cert3_5_, vendor0_.ven_certificate_validity as ven_cert4_5_, vendor0_.ven_com_reg_no as ven_com_5_5_, vendor0_.ven_contact_number as ven_cont6_5_, vendor0_.ven_country as ven_coun7_5_, vendor0_.ven_email_address as ven_emai8_5_, vendor0_.ven_name as ven_name9_5_, vendor0_.ven_payment as ven_pay10_5_, vendor0_.ven_state as ven_sta11_5_, vendor0_.ven_type as ven_typ12_5_, vendor0_.ven_website as ven_web13_5_, vendor0_.ven_year_of_establishment as ven_yea14_5_ from vendor vendor0_
00:06:36.823 [http-nio-1212-exec-4] TRACE o.h.t.descriptor.sql.BasicExtractor - extracted value ([ven_id1_5_] : [INTEGER]) - [1]
00:06:36.824 [http-nio-1212-exec-4] TRACE o.h.t.descriptor.sql.BasicExtractor - extracted value ([ven_addr2_5_] : [VARCHAR]) - [133]
00:06:36.824 [http-nio-1212-exec-4] TRACE o.h.t.descriptor.sql.BasicExtractor - extracted value ([ven_cert3_5_] : [TIMESTAMP]) - [2019-11-21 00:00:00.0]
00:06:36.824 [http-nio-1212-exec-4] TRACE o.h.t.descriptor.sql.BasicExtractor - extracted value ([ven_cert4_5_] : [TIMESTAMP]) - [2020-10-26 00:00:00.0]
00:06:36.850 [http-nio-1212-exec-4] TRACE o.h.t.descriptor.sql.BasicExtractor - extracted value ([ven_com_5_5_] : [VARCHAR]) - [12323]
00:06:36.851 [http-nio-1212-exec-4] TRACE o.h.t.descriptor.sql.BasicExtractor - extracted value ([ven_cont6_5_] : [INTEGER]) - [1231232311]
00:06:36.852 [http-nio-1212-exec-4] TRACE o.h.t.descriptor.sql.BasicExtractor - extracted value ([ven_coun7_5_] : [VARCHAR]) - [Germany]
00:06:36.852 [http-nio-1212-exec-4] TRACE o.h.t.descriptor.sql.BasicExtractor - extracted value ([ven_emai8_5_] : [VARCHAR]) - [kfek@kd.jkfc]
00:06:36.853 [http-nio-1212-exec-4] TRACE o.h.t.descriptor.sql.BasicExtractor - extracted value ([ven_name9_5_] : [VARCHAR]) - [a]
00:06:36.854 [http-nio-1212-exec-4] TRACE o.h.t.descriptor.sql.BasicExtractor - extracted value ([ven_pay10_5_] : [VARCHAR]) - [null]
00:06:36.854 [http-nio-1212-exec-4] TRACE o.h.t.descriptor.sql.BasicExtractor - extracted value ([ven_sta11_5_] : [VARCHAR]) - [Maharastra]
00:06:36.855 [http-nio-1212-exec-4] TRACE o.h.t.descriptor.sql.BasicExtractor - extracted value ([ven_typ12_5_] : [VARCHAR]) - [Electricity]
00:06:36.856 [http-nio-1212-exec-4] TRACE o.h.t.descriptor.sql.BasicExtractor - extracted value ([ven_web13_5_] : [VARCHAR]) - [sdfw3@3]
00:06:36.857 [http-nio-1212-exec-4] TRACE o.h.t.descriptor.sql.BasicExtractor - extracted value ([ven_yea14_5_] : [INTEGER]) - [2011]
00:06:36.857 [http-nio-1212-exec-4] TRACE o.h.t.descriptor.sql.BasicExtractor - extracted value ([ven_id1_5_] : [INTEGER]) - [2]
00:06:36.858 [http-nio-1212-exec-4] TRACE o.h.t.descriptor.sql.BasicExtractor - extracted value ([ven_addr2_5_] : [VARCHAR]) - [123]
00:06:36.859 [http-nio-1212-exec-4] TRACE o.h.t.descriptor.sql.BasicExtractor - extracted value ([ven_cert3_5_] : [TIMESTAMP]) - [2019-11-21 00:00:00.0]
00:06:36.859 [http-nio-1212-exec-4] TRACE o.h.t.descriptor.sql.BasicExtractor - extracted value ([ven_cert4_5_] : [TIMESTAMP]) - [2020-10-26 00:00:00.0]
00:06:36.859 [http-nio-1212-exec-4] TRACE o.h.t.descriptor.sql.BasicExtractor - extracted value ([ven_com_5_5_] : [VARCHAR]) - [12133]
00:06:36.860 [http-nio-1212-exec-4] TRACE o.h.t.descriptor.sql.BasicExtractor - extracted value ([ven_cont6_5_] : [INTEGER]) - [1231232311]
00:06:36.860 [http-nio-1212-exec-4] TRACE o.h.t.descriptor.sql.BasicExtractor - extracted value ([ven_coun7_5_] : [VARCHAR]) - [Germany]
00:06:36.860 [http-nio-1212-exec-4] TRACE o.h.t.descriptor.sql.BasicExtractor - extracted value ([ven_emai8_5_] : [VARCHAR]) - [kfek@kd.jkfc]
00:06:36.861 [http-nio-1212-exec-4] TRACE o.h.t.descriptor.sql.BasicExtractor - extracted value ([ven_name9_5_] : [VARCHAR]) - [b]
00:06:36.861 [http-nio-1212-exec-4] TRACE o.h.t.descriptor.sql.BasicExtractor - extracted value ([ven_pay10_5_] : [VARCHAR]) - [null]
00:06:36.861 [http-nio-1212-exec-4] TRACE o.h.t.descriptor.sql.BasicExtractor - extracted value ([ven_sta11_5_] : [VARCHAR]) - [Kerla]
00:06:36.862 [http-nio-1212-exec-4] TRACE o.h.t.descriptor.sql.BasicExtractor - extracted value ([ven_typ12_5_] : [VARCHAR]) - [null]
00:06:36.862 [http-nio-1212-exec-4] TRACE o.h.t.descriptor.sql.BasicExtractor - extracted value ([ven_web13_5_] : [VARCHAR]) - [sdfw3@345]
00:06:36.862 [http-nio-1212-exec-4] TRACE o.h.t.descriptor.sql.BasicExtractor - extracted value ([ven_yea14_5_] : [INTEGER]) - [2011]
00:06:36.863 [http-nio-1212-exec-4] DEBUG org.hibernate.SQL - select vendorbill0_.vb_bi_id as vb_bi_id1_6_0_, vendorbill0_.vb_ven_id as vb_ven_i2_6_0_, bills1_.bi_id as bi_id1_1_1_, bills1_.bi_amount as bi_amoun2_1_1_, bills1_.bill_types_bill_id as bill_typ3_1_1_, bills1_.user_us_id as user_us_4_1_1_, bill_types2_.bt_id as bt_id1_0_2_, bill_types2_.bt_name as bt_name2_0_2_, user3_.us_id as us_id1_3_3_, user3_.us_aadharnumber as us_aadha2_3_3_, user3_.us_age as us_age3_3_3_, user3_.us_contactnumber as us_conta4_3_3_, user3_.us_firstname as us_first5_3_3_, user3_.us_gender as us_gende6_3_3_, user3_.us_lastname as us_lastn7_3_3_, user3_.us_pan as us_pan8_3_3_, user3_.us_password as us_passw9_3_3_, user3_.us_usid as us_usid10_3_3_ from vendor_bills vendorbill0_ inner join bills bills1_ on vendorbill0_.vb_ven_id=bills1_.bi_id left outer join bill_types bill_types2_ on bills1_.bill_types_bill_id=bill_types2_.bt_id left outer join user user3_ on bills1_.user_us_id=user3_.us_id where vendorbill0_.vb_bi_id=?
00:06:36.946 [http-nio-1212-exec-4] TRACE o.h.type.descriptor.sql.BasicBinder - binding parameter [1] as [INTEGER] - [2]
00:06:36.948 [http-nio-1212-exec-4] DEBUG org.hibernate.SQL - select vendorbill0_.vb_bi_id as vb_bi_id1_6_0_, vendorbill0_.vb_ven_id as vb_ven_i2_6_0_, bills1_.bi_id as bi_id1_1_1_, bills1_.bi_amount as bi_amoun2_1_1_, bills1_.bill_types_bill_id as bill_typ3_1_1_, bills1_.user_us_id as user_us_4_1_1_, bill_types2_.bt_id as bt_id1_0_2_, bill_types2_.bt_name as bt_name2_0_2_, user3_.us_id as us_id1_3_3_, user3_.us_aadharnumber as us_aadha2_3_3_, user3_.us_age as us_age3_3_3_, user3_.us_contactnumber as us_conta4_3_3_, user3_.us_firstname as us_first5_3_3_, user3_.us_gender as us_gende6_3_3_, user3_.us_lastname as us_lastn7_3_3_, user3_.us_pan as us_pan8_3_3_, user3_.us_password as us_passw9_3_3_, user3_.us_usid as us_usid10_3_3_ from vendor_bills vendorbill0_ inner join bills bills1_ on vendorbill0_.vb_ven_id=bills1_.bi_id left outer join bill_types bill_types2_ on bills1_.bill_types_bill_id=bill_types2_.bt_id left outer join user user3_ on bills1_.user_us_id=user3_.us_id where vendorbill0_.vb_bi_id=?
00:06:36.948 [http-nio-1212-exec-4] TRACE o.h.type.descriptor.sql.BasicBinder - binding parameter [1] as [INTEGER] - [1]
00:06:42.262 [http-nio-1212-exec-6] INFO  c.c.B.S.JwtAuthorizationFilter - Start
00:06:42.263 [http-nio-1212-exec-6] DEBUG c.c.B.S.JwtAuthorizationFilter - Bearer
00:06:42.273 [http-nio-1212-exec-6] DEBUG org.hibernate.SQL - select * from vendor where ven_id=?
00:06:42.274 [http-nio-1212-exec-6] TRACE o.h.type.descriptor.sql.BasicBinder - binding parameter [1] as [VARCHAR] - [2]
00:06:42.276 [http-nio-1212-exec-6] TRACE o.h.t.descriptor.sql.BasicExtractor - extracted value ([ven_id] : [INTEGER]) - [2]
00:06:42.276 [http-nio-1212-exec-6] TRACE o.h.t.descriptor.sql.BasicExtractor - extracted value ([ven_address] : [VARCHAR]) - [123]
00:06:42.277 [http-nio-1212-exec-6] TRACE o.h.t.descriptor.sql.BasicExtractor - extracted value ([ven_certificate_issue] : [TIMESTAMP]) - [2019-11-21 00:00:00.0]
00:06:42.277 [http-nio-1212-exec-6] TRACE o.h.t.descriptor.sql.BasicExtractor - extracted value ([ven_certificate_validity] : [TIMESTAMP]) - [2020-10-26 00:00:00.0]
00:06:42.278 [http-nio-1212-exec-6] TRACE o.h.t.descriptor.sql.BasicExtractor - extracted value ([ven_com_reg_no] : [VARCHAR]) - [12133]
00:06:42.278 [http-nio-1212-exec-6] TRACE o.h.t.descriptor.sql.BasicExtractor - extracted value ([ven_contact_number] : [INTEGER]) - [1231232311]
00:06:42.279 [http-nio-1212-exec-6] TRACE o.h.t.descriptor.sql.BasicExtractor - extracted value ([ven_country] : [VARCHAR]) - [Germany]
00:06:42.279 [http-nio-1212-exec-6] TRACE o.h.t.descriptor.sql.BasicExtractor - extracted value ([ven_email_address] : [VARCHAR]) - [kfek@kd.jkfc]
00:06:42.280 [http-nio-1212-exec-6] TRACE o.h.t.descriptor.sql.BasicExtractor - extracted value ([ven_name] : [VARCHAR]) - [b]
00:06:42.280 [http-nio-1212-exec-6] TRACE o.h.t.descriptor.sql.BasicExtractor - extracted value ([ven_payment] : [VARCHAR]) - [null]
00:06:42.280 [http-nio-1212-exec-6] TRACE o.h.t.descriptor.sql.BasicExtractor - extracted value ([ven_state] : [VARCHAR]) - [Kerla]
00:06:42.281 [http-nio-1212-exec-6] TRACE o.h.t.descriptor.sql.BasicExtractor - extracted value ([ven_type] : [VARCHAR]) - [null]
00:06:42.282 [http-nio-1212-exec-6] TRACE o.h.t.descriptor.sql.BasicExtractor - extracted value ([ven_website] : [VARCHAR]) - [sdfw3@345]
00:06:42.283 [http-nio-1212-exec-6] TRACE o.h.t.descriptor.sql.BasicExtractor - extracted value ([ven_year_of_establishment] : [INTEGER]) - [2011]
00:06:42.284 [http-nio-1212-exec-6] DEBUG org.hibernate.SQL - select vendorbill0_.vb_bi_id as vb_bi_id1_6_0_, vendorbill0_.vb_ven_id as vb_ven_i2_6_0_, bills1_.bi_id as bi_id1_1_1_, bills1_.bi_amount as bi_amoun2_1_1_, bills1_.bill_types_bill_id as bill_typ3_1_1_, bills1_.user_us_id as user_us_4_1_1_, bill_types2_.bt_id as bt_id1_0_2_, bill_types2_.bt_name as bt_name2_0_2_, user3_.us_id as us_id1_3_3_, user3_.us_aadharnumber as us_aadha2_3_3_, user3_.us_age as us_age3_3_3_, user3_.us_contactnumber as us_conta4_3_3_, user3_.us_firstname as us_first5_3_3_, user3_.us_gender as us_gende6_3_3_, user3_.us_lastname as us_lastn7_3_3_, user3_.us_pan as us_pan8_3_3_, user3_.us_password as us_passw9_3_3_, user3_.us_usid as us_usid10_3_3_ from vendor_bills vendorbill0_ inner join bills bills1_ on vendorbill0_.vb_ven_id=bills1_.bi_id left outer join bill_types bill_types2_ on bills1_.bill_types_bill_id=bill_types2_.bt_id left outer join user user3_ on bills1_.user_us_id=user3_.us_id where vendorbill0_.vb_bi_id=?
00:06:42.284 [http-nio-1212-exec-6] TRACE o.h.type.descriptor.sql.BasicBinder - binding parameter [1] as [INTEGER] - [2]
00:07:08.224 [http-nio-1212-exec-8] INFO  c.c.B.S.JwtAuthorizationFilter - Start
00:07:08.225 [http-nio-1212-exec-8] DEBUG c.c.B.S.JwtAuthorizationFilter - Bearer
00:07:08.252 [http-nio-1212-exec-8] DEBUG org.hibernate.SQL - select vendor0_.ven_id as ven_id1_5_0_, vendor0_.ven_address as ven_addr2_5_0_, vendor0_.ven_certificate_issue as ven_cert3_5_0_, vendor0_.ven_certificate_validity as ven_cert4_5_0_, vendor0_.ven_com_reg_no as ven_com_5_5_0_, vendor0_.ven_contact_number as ven_cont6_5_0_, vendor0_.ven_country as ven_coun7_5_0_, vendor0_.ven_email_address as ven_emai8_5_0_, vendor0_.ven_name as ven_name9_5_0_, vendor0_.ven_payment as ven_pay10_5_0_, vendor0_.ven_state as ven_sta11_5_0_, vendor0_.ven_type as ven_typ12_5_0_, vendor0_.ven_website as ven_web13_5_0_, vendor0_.ven_year_of_establishment as ven_yea14_5_0_ from vendor vendor0_ where vendor0_.ven_id=?
00:07:08.253 [http-nio-1212-exec-8] TRACE o.h.type.descriptor.sql.BasicBinder - binding parameter [1] as [INTEGER] - [2]
00:07:08.254 [http-nio-1212-exec-8] TRACE o.h.t.descriptor.sql.BasicExtractor - extracted value ([ven_addr2_5_0_] : [VARCHAR]) - [123]
00:07:08.255 [http-nio-1212-exec-8] TRACE o.h.t.descriptor.sql.BasicExtractor - extracted value ([ven_cert3_5_0_] : [TIMESTAMP]) - [2019-11-21 00:00:00.0]
00:07:08.255 [http-nio-1212-exec-8] TRACE o.h.t.descriptor.sql.BasicExtractor - extracted value ([ven_cert4_5_0_] : [TIMESTAMP]) - [2020-10-26 00:00:00.0]
00:07:08.255 [http-nio-1212-exec-8] TRACE o.h.t.descriptor.sql.BasicExtractor - extracted value ([ven_com_5_5_0_] : [VARCHAR]) - [12133]
00:07:08.255 [http-nio-1212-exec-8] TRACE o.h.t.descriptor.sql.BasicExtractor - extracted value ([ven_cont6_5_0_] : [INTEGER]) - [1231232311]
00:07:08.256 [http-nio-1212-exec-8] TRACE o.h.t.descriptor.sql.BasicExtractor - extracted value ([ven_coun7_5_0_] : [VARCHAR]) - [Germany]
00:07:08.256 [http-nio-1212-exec-8] TRACE o.h.t.descriptor.sql.BasicExtractor - extracted value ([ven_emai8_5_0_] : [VARCHAR]) - [kfek@kd.jkfc]
00:07:08.257 [http-nio-1212-exec-8] TRACE o.h.t.descriptor.sql.BasicExtractor - extracted value ([ven_name9_5_0_] : [VARCHAR]) - [b]
00:07:08.257 [http-nio-1212-exec-8] TRACE o.h.t.descriptor.sql.BasicExtractor - extracted value ([ven_pay10_5_0_] : [VARCHAR]) - [null]
00:07:08.258 [http-nio-1212-exec-8] TRACE o.h.t.descriptor.sql.BasicExtractor - extracted value ([ven_sta11_5_0_] : [VARCHAR]) - [Kerla]
00:07:08.258 [http-nio-1212-exec-8] TRACE o.h.t.descriptor.sql.BasicExtractor - extracted value ([ven_typ12_5_0_] : [VARCHAR]) - [null]
00:07:08.259 [http-nio-1212-exec-8] TRACE o.h.t.descriptor.sql.BasicExtractor - extracted value ([ven_web13_5_0_] : [VARCHAR]) - [sdfw3@345]
00:07:08.259 [http-nio-1212-exec-8] TRACE o.h.t.descriptor.sql.BasicExtractor - extracted value ([ven_yea14_5_0_] : [INTEGER]) - [2011]
00:07:08.260 [http-nio-1212-exec-8] DEBUG org.hibernate.SQL - select vendorbill0_.vb_bi_id as vb_bi_id1_6_0_, vendorbill0_.vb_ven_id as vb_ven_i2_6_0_, bills1_.bi_id as bi_id1_1_1_, bills1_.bi_amount as bi_amoun2_1_1_, bills1_.bill_types_bill_id as bill_typ3_1_1_, bills1_.user_us_id as user_us_4_1_1_, bill_types2_.bt_id as bt_id1_0_2_, bill_types2_.bt_name as bt_name2_0_2_, user3_.us_id as us_id1_3_3_, user3_.us_aadharnumber as us_aadha2_3_3_, user3_.us_age as us_age3_3_3_, user3_.us_contactnumber as us_conta4_3_3_, user3_.us_firstname as us_first5_3_3_, user3_.us_gender as us_gende6_3_3_, user3_.us_lastname as us_lastn7_3_3_, user3_.us_pan as us_pan8_3_3_, user3_.us_password as us_passw9_3_3_, user3_.us_usid as us_usid10_3_3_ from vendor_bills vendorbill0_ inner join bills bills1_ on vendorbill0_.vb_ven_id=bills1_.bi_id left outer join bill_types bill_types2_ on bills1_.bill_types_bill_id=bill_types2_.bt_id left outer join user user3_ on bills1_.user_us_id=user3_.us_id where vendorbill0_.vb_bi_id=?
00:07:08.262 [http-nio-1212-exec-8] TRACE o.h.type.descriptor.sql.BasicBinder - binding parameter [1] as [INTEGER] - [2]
00:07:08.267 [http-nio-1212-exec-8] DEBUG org.hibernate.SQL - update vendor set ven_address=?, ven_certificate_issue=?, ven_certificate_validity=?, ven_com_reg_no=?, ven_contact_number=?, ven_country=?, ven_email_address=?, ven_name=?, ven_payment=?, ven_state=?, ven_type=?, ven_website=?, ven_year_of_establishment=? where ven_id=?
00:07:08.268 [http-nio-1212-exec-8] TRACE o.h.type.descriptor.sql.BasicBinder - binding parameter [1] as [VARCHAR] - [123]
00:07:08.269 [http-nio-1212-exec-8] TRACE o.h.type.descriptor.sql.BasicBinder - binding parameter [2] as [TIMESTAMP] - [Thu Nov 21 05:30:00 IST 2019]
00:07:08.269 [http-nio-1212-exec-8] TRACE o.h.type.descriptor.sql.BasicBinder - binding parameter [3] as [TIMESTAMP] - [Mon Oct 26 05:30:00 IST 2020]
00:07:08.269 [http-nio-1212-exec-8] TRACE o.h.type.descriptor.sql.BasicBinder - binding parameter [4] as [VARCHAR] - [12133]
00:07:08.271 [http-nio-1212-exec-8] TRACE o.h.type.descriptor.sql.BasicBinder - binding parameter [5] as [INTEGER] - [1231232311]
00:07:08.271 [http-nio-1212-exec-8] TRACE o.h.type.descriptor.sql.BasicBinder - binding parameter [6] as [VARCHAR] - [Germany]
00:07:08.272 [http-nio-1212-exec-8] TRACE o.h.type.descriptor.sql.BasicBinder - binding parameter [7] as [VARCHAR] - [kfek@kd.jkfc]
00:07:08.272 [http-nio-1212-exec-8] TRACE o.h.type.descriptor.sql.BasicBinder - binding parameter [8] as [VARCHAR] - [b]
00:07:08.272 [http-nio-1212-exec-8] TRACE o.h.type.descriptor.sql.BasicBinder - binding parameter [9] as [VARCHAR] - [null]
00:07:08.273 [http-nio-1212-exec-8] TRACE o.h.type.descriptor.sql.BasicBinder - binding parameter [10] as [VARCHAR] - [Kerla]
00:07:08.273 [http-nio-1212-exec-8] TRACE o.h.type.descriptor.sql.BasicBinder - binding parameter [11] as [VARCHAR] - [Telephone]
00:07:08.273 [http-nio-1212-exec-8] TRACE o.h.type.descriptor.sql.BasicBinder - binding parameter [12] as [VARCHAR] - [sdfw3@345]
00:07:08.273 [http-nio-1212-exec-8] TRACE o.h.type.descriptor.sql.BasicBinder - binding parameter [13] as [INTEGER] - [2011]
00:07:08.274 [http-nio-1212-exec-8] TRACE o.h.type.descriptor.sql.BasicBinder - binding parameter [14] as [INTEGER] - [2]
